2025-06-28 14:58:41,806 - INFO - Memulai pencarian untuk query: kebudayaan nasional
2025-06-28 14:58:41,806 - INFO - Memuat dataset dari articles.json
2025-06-28 14:58:41,812 - INFO - Dataset dimuat, memproses 200 artikel...
2025-06-28 14:59:14,912 - INFO - Preprocessing selesai dalam 33.10 detik
2025-06-28 14:59:14,912 - INFO - Memproses artikel ke-0/200
2025-06-28 14:59:16,593 - INFO - Preprocessing selesai dalam 1.68 detik
2025-06-28 14:59:22,569 - INFO - Preprocessing selesai dalam 5.98 detik
2025-06-28 14:59:27,211 - INFO - Preprocessing selesai dalam 4.64 detik
2025-06-28 14:59:33,384 - INFO - Preprocessing selesai dalam 6.17 detik
2025-06-28 14:59:34,978 - INFO - Preprocessing selesai dalam 1.59 detik
2025-06-28 14:59:46,674 - INFO - Preprocessing selesai dalam 11.70 detik
2025-06-28 14:59:48,615 - INFO - Preprocessing selesai dalam 1.94 detik
2025-06-28 14:59:49,001 - INFO - Preprocessing selesai dalam 0.39 detik
2025-06-28 14:59:56,265 - INFO - Preprocessing selesai dalam 7.26 detik
2025-06-28 14:59:59,049 - INFO - Preprocessing selesai dalam 2.78 detik
2025-06-28 15:00:11,660 - INFO - Preprocessing selesai dalam 12.61 detik
2025-06-28 15:00:14,083 - INFO - Preprocessing selesai dalam 2.42 detik
2025-06-28 15:00:15,393 - INFO - Preprocessing selesai dalam 1.31 detik
2025-06-28 15:00:18,017 - INFO - Preprocessing selesai dalam 2.62 detik
2025-06-28 15:00:18,583 - INFO - Preprocessing selesai dalam 0.57 detik
2025-06-28 15:00:20,712 - INFO - Preprocessing selesai dalam 2.13 detik
2025-06-28 15:00:23,965 - INFO - Preprocessing selesai dalam 3.25 detik
2025-06-28 15:00:53,834 - INFO - Preprocessing selesai dalam 29.87 detik
2025-06-28 15:00:59,261 - INFO - Preprocessing selesai dalam 5.43 detik
2025-06-28 15:01:02,324 - INFO - Preprocessing selesai dalam 3.06 detik
2025-06-28 15:01:03,138 - INFO - Preprocessing selesai dalam 0.81 detik
2025-06-28 15:01:04,166 - INFO - Preprocessing selesai dalam 1.03 detik
2025-06-28 15:01:04,568 - INFO - Preprocessing selesai dalam 0.40 detik
2025-06-28 15:01:09,085 - INFO - Preprocessing selesai dalam 4.52 detik
2025-06-28 15:01:29,331 - INFO - Preprocessing selesai dalam 20.25 detik
2025-06-28 15:01:32,192 - INFO - Preprocessing selesai dalam 2.86 detik
2025-06-28 15:01:34,583 - INFO - Preprocessing selesai dalam 2.39 detik
2025-06-28 15:01:37,448 - INFO - Preprocessing selesai dalam 2.86 detik
2025-06-28 15:01:40,236 - INFO - Preprocessing selesai dalam 2.79 detik
2025-06-28 15:01:41,306 - INFO - Preprocessing selesai dalam 1.07 detik
2025-06-28 15:01:42,440 - INFO - Preprocessing selesai dalam 1.13 detik
2025-06-28 15:01:53,329 - INFO - Preprocessing selesai dalam 10.89 detik
2025-06-28 15:01:54,357 - INFO - Preprocessing selesai dalam 1.03 detik
2025-06-28 15:01:55,974 - INFO - Preprocessing selesai dalam 1.62 detik
2025-06-28 15:01:56,863 - INFO - Preprocessing selesai dalam 0.89 detik
2025-06-28 15:02:02,144 - INFO - Preprocessing selesai dalam 5.28 detik
2025-06-28 15:02:02,815 - INFO - Preprocessing selesai dalam 0.67 detik
2025-06-28 15:02:05,881 - INFO - Preprocessing selesai dalam 3.07 detik
2025-06-28 15:02:06,457 - INFO - Preprocessing selesai dalam 0.58 detik
2025-06-28 15:02:08,585 - INFO - Preprocessing selesai dalam 2.13 detik
2025-06-28 15:02:10,476 - INFO - Preprocessing selesai dalam 1.89 detik
2025-06-28 15:02:14,176 - INFO - Preprocessing selesai dalam 3.70 detik
2025-06-28 15:02:17,518 - INFO - Preprocessing selesai dalam 3.34 detik
2025-06-28 15:02:22,152 - INFO - Preprocessing selesai dalam 4.63 detik
2025-06-28 15:02:24,637 - INFO - Preprocessing selesai dalam 2.48 detik
2025-06-28 15:02:25,937 - INFO - Preprocessing selesai dalam 1.30 detik
2025-06-28 15:02:30,794 - INFO - Preprocessing selesai dalam 4.86 detik
2025-06-28 15:02:35,597 - INFO - Preprocessing selesai dalam 4.80 detik
2025-06-28 15:02:40,119 - INFO - Preprocessing selesai dalam 4.52 detik
2025-06-28 15:02:44,182 - INFO - Preprocessing selesai dalam 4.06 detik
2025-06-28 15:02:44,183 - INFO - Memproses artikel ke-50/200
2025-06-28 15:02:48,511 - INFO - Preprocessing selesai dalam 4.33 detik
2025-06-28 15:02:49,986 - INFO - Preprocessing selesai dalam 1.47 detik
2025-06-28 15:02:51,721 - INFO - Preprocessing selesai dalam 1.73 detik
2025-06-28 15:02:52,458 - INFO - Preprocessing selesai dalam 0.74 detik
2025-06-28 15:02:58,938 - INFO - Preprocessing selesai dalam 6.48 detik
2025-06-28 15:02:59,946 - INFO - Preprocessing selesai dalam 1.01 detik
2025-06-28 15:03:03,200 - INFO - Preprocessing selesai dalam 3.25 detik
2025-06-28 15:03:06,809 - INFO - Preprocessing selesai dalam 3.61 detik
2025-06-28 15:03:09,685 - INFO - Preprocessing selesai dalam 2.88 detik
2025-06-28 15:03:12,081 - INFO - Preprocessing selesai dalam 2.40 detik
2025-06-28 15:03:20,514 - INFO - Preprocessing selesai dalam 8.43 detik
2025-06-28 15:03:31,761 - INFO - Preprocessing selesai dalam 11.25 detik
2025-06-28 15:03:32,969 - INFO - Preprocessing selesai dalam 1.21 detik
2025-06-28 15:03:42,589 - INFO - Preprocessing selesai dalam 9.62 detik
2025-06-28 15:03:43,779 - INFO - Preprocessing selesai dalam 1.19 detik
2025-06-28 15:03:53,172 - INFO - Preprocessing selesai dalam 9.39 detik
2025-06-28 15:03:57,235 - INFO - Preprocessing selesai dalam 4.06 detik
2025-06-28 15:03:57,888 - INFO - Preprocessing selesai dalam 0.65 detik
2025-06-28 15:04:02,732 - INFO - Preprocessing selesai dalam 4.84 detik
2025-06-28 15:04:09,092 - INFO - Preprocessing selesai dalam 6.36 detik
2025-06-28 15:04:09,970 - INFO - Preprocessing selesai dalam 0.88 detik
2025-06-28 15:04:12,420 - INFO - Preprocessing selesai dalam 2.45 detik
2025-06-28 15:04:14,696 - INFO - Preprocessing selesai dalam 2.28 detik
2025-06-28 15:04:23,479 - INFO - Preprocessing selesai dalam 8.78 detik
2025-06-28 15:04:24,203 - INFO - Preprocessing selesai dalam 0.72 detik
2025-06-28 15:04:28,299 - INFO - Preprocessing selesai dalam 4.09 detik
2025-06-28 15:04:35,091 - INFO - Preprocessing selesai dalam 6.79 detik
2025-06-28 15:04:41,607 - INFO - Preprocessing selesai dalam 6.52 detik
2025-06-28 15:04:47,667 - INFO - Preprocessing selesai dalam 6.06 detik
2025-06-28 15:04:53,526 - INFO - Preprocessing selesai dalam 5.86 detik
2025-06-28 15:04:55,941 - INFO - Preprocessing selesai dalam 2.42 detik
2025-06-28 15:04:59,814 - INFO - Preprocessing selesai dalam 3.87 detik
2025-06-28 15:05:09,899 - INFO - Preprocessing selesai dalam 10.08 detik
2025-06-28 15:05:13,627 - INFO - Preprocessing selesai dalam 3.73 detik
2025-06-28 15:05:15,515 - INFO - Preprocessing selesai dalam 1.89 detik
2025-06-28 15:05:15,841 - INFO - Preprocessing selesai dalam 0.33 detik
2025-06-28 15:05:17,651 - INFO - Preprocessing selesai dalam 1.81 detik
2025-06-28 15:05:28,158 - INFO - Preprocessing selesai dalam 10.51 detik
2025-06-28 15:05:29,607 - INFO - Preprocessing selesai dalam 1.45 detik
2025-06-28 15:05:30,920 - INFO - Preprocessing selesai dalam 1.31 detik
2025-06-28 15:05:36,296 - INFO - Preprocessing selesai dalam 5.38 detik
2025-06-28 15:05:36,702 - INFO - Preprocessing selesai dalam 0.41 detik
2025-06-28 15:05:37,803 - INFO - Preprocessing selesai dalam 1.10 detik
2025-06-28 15:05:39,003 - INFO - Preprocessing selesai dalam 1.20 detik
2025-06-28 15:05:44,651 - INFO - Preprocessing selesai dalam 5.65 detik
2025-06-28 15:05:47,363 - INFO - Preprocessing selesai dalam 2.71 detik
2025-06-28 15:05:49,146 - INFO - Preprocessing selesai dalam 1.78 detik
2025-06-28 15:05:49,444 - INFO - Preprocessing selesai dalam 0.30 detik
2025-06-28 15:05:52,202 - INFO - Preprocessing selesai dalam 2.76 detik
2025-06-28 15:05:53,824 - INFO - Preprocessing selesai dalam 1.62 detik
2025-06-28 15:05:53,825 - INFO - Memproses artikel ke-100/200
2025-06-28 15:06:09,914 - INFO - Preprocessing selesai dalam 16.09 detik
2025-06-28 15:06:11,113 - INFO - Preprocessing selesai dalam 1.20 detik
2025-06-28 15:06:13,653 - INFO - Preprocessing selesai dalam 2.54 detik
2025-06-28 15:06:14,952 - INFO - Preprocessing selesai dalam 1.30 detik
2025-06-28 15:06:15,321 - INFO - Preprocessing selesai dalam 0.37 detik
2025-06-28 15:06:19,388 - INFO - Preprocessing selesai dalam 4.07 detik
2025-06-28 15:06:29,836 - INFO - Preprocessing selesai dalam 10.45 detik
2025-06-28 15:06:30,609 - INFO - Preprocessing selesai dalam 0.77 detik
2025-06-28 15:06:34,646 - INFO - Preprocessing selesai dalam 4.04 detik
2025-06-28 15:06:35,306 - INFO - Preprocessing selesai dalam 0.66 detik
2025-06-28 15:06:36,365 - INFO - Preprocessing selesai dalam 1.06 detik
2025-06-28 15:06:39,088 - INFO - Preprocessing selesai dalam 2.72 detik
2025-06-28 15:06:42,227 - INFO - Preprocessing selesai dalam 3.14 detik
2025-06-28 15:06:43,658 - INFO - Preprocessing selesai dalam 1.43 detik
2025-06-28 15:06:43,935 - INFO - Preprocessing selesai dalam 0.28 detik
2025-06-28 15:06:48,923 - INFO - Preprocessing selesai dalam 4.99 detik
2025-06-28 15:06:50,050 - INFO - Preprocessing selesai dalam 1.13 detik
2025-06-28 15:06:50,759 - INFO - Preprocessing selesai dalam 0.71 detik
2025-06-28 15:06:55,793 - INFO - Preprocessing selesai dalam 5.03 detik
2025-06-28 15:07:03,888 - INFO - Preprocessing selesai dalam 8.10 detik
2025-06-28 15:07:10,673 - INFO - Preprocessing selesai dalam 6.78 detik
2025-06-28 15:07:31,093 - INFO - Preprocessing selesai dalam 20.42 detik
2025-06-28 15:07:39,459 - INFO - Preprocessing selesai dalam 8.36 detik
2025-06-28 15:07:50,157 - INFO - Preprocessing selesai dalam 10.70 detik
2025-06-28 15:07:56,683 - INFO - Preprocessing selesai dalam 6.53 detik
2025-06-28 15:08:04,978 - INFO - Preprocessing selesai dalam 8.29 detik
2025-06-28 15:08:15,050 - INFO - Preprocessing selesai dalam 10.07 detik
2025-06-28 15:08:19,492 - INFO - Preprocessing selesai dalam 4.44 detik
2025-06-28 15:08:21,452 - INFO - Preprocessing selesai dalam 1.96 detik
2025-06-28 15:08:23,404 - INFO - Preprocessing selesai dalam 1.95 detik
2025-06-28 15:08:26,023 - INFO - Preprocessing selesai dalam 2.62 detik
2025-06-28 15:08:27,656 - INFO - Preprocessing selesai dalam 1.63 detik
2025-06-28 15:08:29,717 - INFO - Preprocessing selesai dalam 2.06 detik
2025-06-28 15:08:32,207 - INFO - Preprocessing selesai dalam 2.49 detik
2025-06-28 15:08:33,078 - INFO - Preprocessing selesai dalam 0.87 detik
2025-06-28 15:08:33,513 - INFO - Preprocessing selesai dalam 0.43 detik
2025-06-28 15:08:38,702 - INFO - Preprocessing selesai dalam 5.19 detik
2025-06-28 15:08:40,219 - INFO - Preprocessing selesai dalam 1.52 detik
2025-06-28 15:08:42,828 - INFO - Preprocessing selesai dalam 2.61 detik
2025-06-28 15:08:47,546 - INFO - Preprocessing selesai dalam 4.72 detik
2025-06-28 15:08:48,071 - INFO - Preprocessing selesai dalam 0.53 detik
2025-06-28 15:08:48,570 - INFO - Preprocessing selesai dalam 0.50 detik
2025-06-28 15:08:53,448 - INFO - Preprocessing selesai dalam 4.88 detik
2025-06-28 15:09:01,322 - INFO - Preprocessing selesai dalam 7.87 detik
2025-06-28 15:09:02,486 - INFO - Preprocessing selesai dalam 1.16 detik
2025-06-28 15:09:04,327 - INFO - Preprocessing selesai dalam 1.84 detik
2025-06-28 15:09:05,532 - INFO - Preprocessing selesai dalam 1.20 detik
2025-06-28 15:09:08,906 - INFO - Preprocessing selesai dalam 3.37 detik
2025-06-28 15:09:14,465 - INFO - Preprocessing selesai dalam 5.56 detik
2025-06-28 15:09:19,990 - INFO - Preprocessing selesai dalam 5.52 detik
2025-06-28 15:09:19,991 - INFO - Memproses artikel ke-150/200
2025-06-28 15:09:22,401 - INFO - Preprocessing selesai dalam 2.41 detik
2025-06-28 15:09:23,639 - INFO - Preprocessing selesai dalam 1.24 detik
2025-06-28 15:09:25,419 - INFO - Preprocessing selesai dalam 1.78 detik
2025-06-28 15:09:27,835 - INFO - Preprocessing selesai dalam 2.41 detik
2025-06-28 15:09:30,781 - INFO - Preprocessing selesai dalam 2.94 detik
2025-06-28 15:09:35,433 - INFO - Preprocessing selesai dalam 4.65 detik
2025-06-28 15:09:47,140 - INFO - Preprocessing selesai dalam 11.71 detik
2025-06-28 15:09:49,391 - INFO - Preprocessing selesai dalam 2.25 detik
2025-06-28 15:09:50,998 - INFO - Preprocessing selesai dalam 1.61 detik
2025-06-28 15:09:55,040 - INFO - Preprocessing selesai dalam 4.04 detik
2025-06-28 15:09:55,203 - INFO - Preprocessing selesai dalam 0.16 detik
2025-06-28 15:10:00,337 - INFO - Preprocessing selesai dalam 5.13 detik
2025-06-28 15:10:25,447 - INFO - Preprocessing selesai dalam 25.11 detik
2025-06-28 15:10:26,515 - INFO - Preprocessing selesai dalam 1.07 detik
2025-06-28 15:10:27,389 - INFO - Preprocessing selesai dalam 0.87 detik
2025-06-28 15:10:52,929 - INFO - Preprocessing selesai dalam 25.54 detik
2025-06-28 15:10:54,729 - INFO - Preprocessing selesai dalam 1.80 detik
2025-06-28 15:11:09,258 - INFO - Preprocessing selesai dalam 14.53 detik
2025-06-28 15:11:14,442 - INFO - Preprocessing selesai dalam 5.18 detik
2025-06-28 15:11:15,434 - INFO - Preprocessing selesai dalam 0.99 detik
2025-06-28 15:11:15,955 - INFO - Preprocessing selesai dalam 0.52 detik
2025-06-28 15:11:16,239 - INFO - Preprocessing selesai dalam 0.28 detik
2025-06-28 15:11:17,219 - INFO - Preprocessing selesai dalam 0.98 detik
2025-06-28 15:11:18,556 - INFO - Preprocessing selesai dalam 1.34 detik
2025-06-28 15:11:20,356 - INFO - Preprocessing selesai dalam 1.80 detik
2025-06-28 15:11:22,094 - INFO - Preprocessing selesai dalam 1.74 detik
2025-06-28 15:11:24,312 - INFO - Preprocessing selesai dalam 2.22 detik
2025-06-28 15:11:27,843 - INFO - Preprocessing selesai dalam 3.53 detik
2025-06-28 15:11:37,217 - INFO - Preprocessing selesai dalam 9.37 detik
2025-06-28 15:11:38,736 - INFO - Preprocessing selesai dalam 1.52 detik
2025-06-28 15:11:39,190 - INFO - Preprocessing selesai dalam 0.45 detik
2025-06-28 15:11:42,350 - INFO - Preprocessing selesai dalam 3.16 detik
2025-06-28 15:11:43,732 - INFO - Preprocessing selesai dalam 1.38 detik
2025-06-28 15:11:44,953 - INFO - Preprocessing selesai dalam 1.22 detik
2025-06-28 15:11:53,386 - INFO - Preprocessing selesai dalam 8.43 detik
2025-06-28 15:11:58,336 - INFO - Preprocessing selesai dalam 4.95 detik
2025-06-28 15:11:59,503 - INFO - Preprocessing selesai dalam 1.17 detik
2025-06-28 15:12:04,123 - INFO - Preprocessing selesai dalam 4.62 detik
2025-06-28 15:12:06,917 - INFO - Preprocessing selesai dalam 2.79 detik
2025-06-28 15:12:08,435 - INFO - Preprocessing selesai dalam 1.52 detik
2025-06-28 15:12:11,723 - INFO - Preprocessing selesai dalam 3.29 detik
2025-06-28 15:12:15,374 - INFO - Preprocessing selesai dalam 3.65 detik
2025-06-28 15:12:17,358 - INFO - Preprocessing selesai dalam 1.98 detik
2025-06-28 15:12:28,212 - INFO - Preprocessing selesai dalam 10.85 detik
2025-06-28 15:12:31,603 - INFO - Preprocessing selesai dalam 3.39 detik
2025-06-28 15:12:36,070 - INFO - Preprocessing selesai dalam 4.47 detik
2025-06-28 15:12:41,282 - INFO - Preprocessing selesai dalam 5.21 detik
2025-06-28 15:12:42,263 - INFO - Preprocessing selesai dalam 0.98 detik
2025-06-28 15:12:50,897 - INFO - Preprocessing selesai dalam 8.63 detik
2025-06-28 15:12:50,911 - INFO - Cache disimpan di preprocessed_articles.json dalam 849.11 detik
2025-06-28 15:12:50,911 - INFO - Inisialisasi BM25Retriever...
2025-06-28 15:12:50,916 - INFO - EvalFnToTextLoss: No backward engine provided. Creating one using model_client and model_kwargs.
2025-06-28 15:12:51,343 - INFO - Preprocessing selesai dalam 0.01 detik
2025-06-28 15:12:51,347 - INFO - Struktur hasil BM25: <class 'list'>
2025-06-28 15:12:51,347 - INFO - Item pertama: RetrieverOutput(id=None, doc_indices=[136, 0, 192, 193, 103], doc_scores=[11.412337236827666, 10.978510526043053, 10.054124255659637, 9.486899129933322, 9.318219653075515], query='budaya nasional', documents=None)
2025-06-28 15:12:51,348 - INFO - Indeks teratas: [136, 0, 192, 193, 103]
2025-06-28 15:12:51,348 - INFO - Pencarian selesai dalam 849.54 detik, ditemukan 5 hasil
2025-06-28 15:20:37,613 - INFO - Memulai pencarian untuk query: kebudayaan nasional
2025-06-28 15:20:37,613 - INFO - Memuat dataset dari articles.json
2025-06-28 15:20:37,613 - INFO - Cache ditemukan di preprocessed_articles.json, memuat...
2025-06-28 15:20:37,638 - INFO - Cache dimuat dalam 0.02 detik
2025-06-28 15:20:37,638 - INFO - Inisialisasi BM25Retriever...
2025-06-28 15:20:37,638 - INFO - EvalFnToTextLoss: No backward engine provided. Creating one using model_client and model_kwargs.
2025-06-28 15:20:38,072 - INFO - Preprocessing selesai dalam 0.01 detik
2025-06-28 15:20:38,074 - INFO - Struktur hasil BM25: <class 'list'>
2025-06-28 15:20:38,074 - INFO - Item pertama: RetrieverOutput(id=None, doc_indices=[136, 0, 192, 193, 103], doc_scores=[11.412337236827666, 10.978510526043053, 10.054124255659637, 9.486899129933322, 9.318219653075515], query='budaya nasional', documents=None)
2025-06-28 15:20:38,074 - INFO - Indeks teratas: [136, 0, 192, 193, 103]
2025-06-28 15:20:38,075 - INFO - Pencarian selesai dalam 0.46 detik, ditemukan 5 hasil
2025-06-28 15:23:01,736 - INFO - Memulai pencarian untuk query: kebudayaan nasional
2025-06-28 15:23:01,737 - INFO - Memuat dataset dari articles.json
2025-06-28 15:23:01,755 - INFO - Dataset dimuat, memproses 200 artikel...
2025-06-28 15:23:06,762 - INFO - Preprocessing selesai dalam 3.81 detik
2025-06-28 15:23:07,230 - INFO - Preprocessing selesai dalam 4.29 detik
2025-06-28 15:23:12,616 - INFO - Preprocessing selesai dalam 9.70 detik
2025-06-28 15:23:12,639 - INFO - Preprocessing selesai dalam 5.39 detik
2025-06-28 15:23:14,641 - INFO - Preprocessing selesai dalam 2.01 detik
2025-06-28 15:23:14,877 - INFO - Preprocessing selesai dalam 11.94 detik
2025-06-28 15:23:15,084 - INFO - Preprocessing selesai dalam 2.41 detik
2025-06-28 15:23:17,775 - INFO - Preprocessing selesai dalam 14.82 detik
2025-06-28 15:23:18,030 - INFO - Preprocessing selesai dalam 15.07 detik
2025-06-28 15:23:18,716 - INFO - Preprocessing selesai dalam 3.82 detik
2025-06-28 15:23:24,058 - INFO - Preprocessing selesai dalam 21.01 detik
2025-06-28 15:23:30,924 - INFO - Preprocessing selesai dalam 12.05 detik
2025-06-28 15:23:33,565 - INFO - Preprocessing selesai dalam 26.80 detik
2025-06-28 15:23:34,954 - INFO - Preprocessing selesai dalam 17.17 detik
2025-06-28 15:23:38,638 - INFO - Preprocessing selesai dalam 20.57 detik
2025-06-28 15:23:38,923 - INFO - Preprocessing selesai dalam 5.33 detik
2025-06-28 15:23:41,996 - INFO - Preprocessing selesai dalam 7.03 detik
2025-06-28 15:23:46,076 - INFO - Preprocessing selesai dalam 30.99 detik
2025-06-28 15:23:46,354 - INFO - Preprocessing selesai dalam 22.29 detik
2025-06-28 15:23:54,195 - INFO - Preprocessing selesai dalam 23.23 detik
2025-06-28 15:23:57,122 - INFO - Preprocessing selesai dalam 15.12 detik
2025-06-28 15:23:59,451 - INFO - Preprocessing selesai dalam 20.52 detik
2025-06-28 15:24:06,493 - INFO - Preprocessing selesai dalam 6.84 detik
2025-06-28 15:24:08,601 - INFO - Preprocessing selesai dalam 53.96 detik
2025-06-28 15:24:11,443 - INFO - Preprocessing selesai dalam 32.79 detik
2025-06-28 15:24:17,696 - INFO - Preprocessing selesai dalam 11.19 detik
2025-06-28 15:24:21,041 - INFO - Preprocessing selesai dalam 34.68 detik
2025-06-28 15:24:29,116 - INFO - Preprocessing selesai dalam 17.66 detik
2025-06-28 15:24:34,164 - INFO - Preprocessing selesai dalam 16.46 detik
2025-06-28 15:24:35,881 - INFO - Preprocessing selesai dalam 27.26 detik
2025-06-28 15:24:39,968 - INFO - Preprocessing selesai dalam 18.89 detik
2025-06-28 15:24:41,032 - INFO - Preprocessing selesai dalam 6.75 detik
2025-06-28 15:24:41,336 - INFO - Preprocessing selesai dalam 12.06 detik
2025-06-28 15:24:51,505 - INFO - Preprocessing selesai dalam 11.51 detik
2025-06-28 15:24:56,518 - INFO - Preprocessing selesai dalam 5.00 detik
2025-06-28 15:24:58,069 - INFO - Preprocessing selesai dalam 16.97 detik
2025-06-28 15:25:10,535 - INFO - Preprocessing selesai dalam 29.14 detik
2025-06-28 15:25:19,095 - INFO - Preprocessing selesai dalam 20.98 detik
2025-06-28 15:25:27,647 - INFO - Preprocessing selesai dalam 90.48 detik
2025-06-28 15:25:30,891 - INFO - Preprocessing selesai dalam 34.34 detik
2025-06-28 15:25:33,048 - INFO - Preprocessing selesai dalam 13.94 detik
2025-06-28 15:25:34,156 - INFO - Preprocessing selesai dalam 6.47 detik
2025-06-28 15:25:40,689 - INFO - Preprocessing selesai dalam 9.77 detik
2025-06-28 15:25:43,476 - INFO - Preprocessing selesai dalam 32.87 detik
2025-06-28 15:25:47,551 - INFO - Preprocessing selesai dalam 13.33 detik
2025-06-28 15:25:54,138 - INFO - Preprocessing selesai dalam 21.03 detik
2025-06-28 15:25:59,182 - INFO - Preprocessing selesai dalam 133.09 detik
2025-06-28 15:26:05,724 - INFO - Preprocessing selesai dalam 89.75 detik
2025-06-28 15:26:17,827 - INFO - Preprocessing selesai dalam 12.07 detik
2025-06-28 15:26:21,274 - INFO - Preprocessing selesai dalam 22.03 detik
2025-06-28 15:26:22,235 - INFO - Preprocessing selesai dalam 38.71 detik
2025-06-28 15:26:26,270 - INFO - Preprocessing selesai dalam 45.54 detik
2025-06-28 15:26:28,415 - INFO - Preprocessing selesai dalam 40.80 detik
2025-06-28 15:26:29,055 - INFO - Preprocessing selesai dalam 11.20 detik
2025-06-28 15:26:30,232 - INFO - Preprocessing selesai dalam 7.94 detik
2025-06-28 15:26:33,476 - INFO - Preprocessing selesai dalam 7.13 detik
2025-06-28 15:26:36,933 - INFO - Preprocessing selesai dalam 15.64 detik
2025-06-28 15:26:46,469 - INFO - Preprocessing selesai dalam 16.23 detik
2025-06-28 15:26:48,607 - INFO - Preprocessing selesai dalam 225.70 detik
2025-06-28 15:26:49,373 - INFO - Preprocessing selesai dalam 55.17 detik
2025-06-28 15:26:51,423 - INFO - Preprocessing selesai dalam 177.17 detik
2025-06-28 15:26:58,881 - INFO - Preprocessing selesai dalam 29.76 detik
2025-06-28 15:27:01,173 - INFO - Preprocessing selesai dalam 14.69 detik
2025-06-28 15:27:03,250 - INFO - Preprocessing selesai dalam 14.62 detik
2025-06-28 15:27:03,311 - INFO - Preprocessing selesai dalam 34.85 detik
2025-06-28 15:27:05,968 - INFO - Preprocessing selesai dalam 29.02 detik
2025-06-28 15:27:09,131 - INFO - Preprocessing selesai dalam 3.13 detik
2025-06-28 15:27:14,321 - INFO - Preprocessing selesai dalam 15.44 detik
2025-06-28 15:27:16,445 - INFO - Preprocessing selesai dalam 7.31 detik
2025-06-28 15:27:16,964 - INFO - Preprocessing selesai dalam 2.64 detik
2025-06-28 15:27:20,700 - INFO - Preprocessing selesai dalam 29.24 detik
2025-06-28 15:27:24,935 - INFO - Preprocessing selesai dalam 8.48 detik
2025-06-28 15:27:25,170 - INFO - Preprocessing selesai dalam 51.67 detik
2025-06-28 15:27:27,357 - INFO - Preprocessing selesai dalam 10.36 detik
2025-06-28 15:27:36,046 - INFO - Preprocessing selesai dalam 15.28 detik
2025-06-28 15:27:38,096 - INFO - Preprocessing selesai dalam 34.76 detik
2025-06-28 15:27:38,115 - INFO - Preprocessing selesai dalam 2.01 detik
2025-06-28 15:27:38,188 - INFO - Preprocessing selesai dalam 34.93 detik
2025-06-28 15:27:48,888 - INFO - Preprocessing selesai dalam 23.68 detik
2025-06-28 15:27:52,086 - INFO - Preprocessing selesai dalam 27.14 detik
2025-06-28 15:27:54,956 - INFO - Preprocessing selesai dalam 6.05 detik
2025-06-28 15:27:56,881 - INFO - Preprocessing selesai dalam 18.67 detik
2025-06-28 15:27:57,434 - INFO - Preprocessing selesai dalam 19.24 detik
2025-06-28 15:28:02,683 - INFO - Preprocessing selesai dalam 73.28 detik
2025-06-28 15:28:02,721 - INFO - Preprocessing selesai dalam 61.54 detik
2025-06-28 15:28:06,370 - INFO - Preprocessing selesai dalam 3.64 detik
2025-06-28 15:28:06,623 - INFO - Preprocessing selesai dalam 9.14 detik
2025-06-28 15:28:07,195 - INFO - Preprocessing selesai dalam 4.42 detik
2025-06-28 15:28:09,362 - INFO - Preprocessing selesai dalam 31.24 detik
2025-06-28 15:28:14,074 - INFO - Preprocessing selesai dalam 21.98 detik
2025-06-28 15:28:24,937 - INFO - Preprocessing selesai dalam 15.55 detik
2025-06-28 15:28:25,342 - INFO - Preprocessing selesai dalam 11.26 detik
2025-06-28 15:28:26,006 - INFO - Preprocessing selesai dalam 30.97 detik
2025-06-28 15:28:27,696 - INFO - Preprocessing selesai dalam 21.29 detik
2025-06-28 15:28:34,795 - INFO - Preprocessing selesai dalam 67.42 detik
2025-06-28 15:28:35,190 - INFO - Preprocessing selesai dalam 38.24 detik
2025-06-28 15:28:36,443 - INFO - Preprocessing selesai dalam 29.22 detik
2025-06-28 15:28:41,474 - INFO - Preprocessing selesai dalam 16.12 detik
2025-06-28 15:28:42,588 - INFO - Preprocessing selesai dalam 7.77 detik
2025-06-28 15:28:45,274 - INFO - Preprocessing selesai dalam 10.08 detik
2025-06-28 15:28:48,880 - INFO - Preprocessing selesai dalam 23.93 detik
2025-06-28 15:28:49,968 - INFO - Preprocessing selesai dalam 7.36 detik
2025-06-28 15:28:56,710 - INFO - Preprocessing selesai dalam 15.23 detik
2025-06-28 15:29:01,644 - INFO - Preprocessing selesai dalam 35.62 detik
2025-06-28 15:29:05,564 - INFO - Preprocessing selesai dalam 15.59 detik
2025-06-28 15:29:09,873 - INFO - Preprocessing selesai dalam 13.09 detik
2025-06-28 15:29:12,257 - INFO - Preprocessing selesai dalam 2.37 detik
2025-06-28 15:29:19,219 - INFO - Preprocessing selesai dalam 13.61 detik
2025-06-28 15:29:23,611 - INFO - Preprocessing selesai dalam 4.38 detik
2025-06-28 15:29:25,797 - INFO - Preprocessing selesai dalam 2.18 detik
2025-06-28 15:29:27,818 - INFO - Preprocessing selesai dalam 51.35 detik
2025-06-28 15:29:28,428 - INFO - Preprocessing selesai dalam 81.79 detik
2025-06-28 15:29:33,133 - INFO - Preprocessing selesai dalam 4.68 detik
2025-06-28 15:29:34,082 - INFO - Preprocessing selesai dalam 48.80 detik
2025-06-28 15:29:40,563 - INFO - Preprocessing selesai dalam 38.91 detik
2025-06-28 15:29:40,883 - INFO - Preprocessing selesai dalam 73.18 detik
2025-06-28 15:29:44,488 - INFO - Preprocessing selesai dalam 32.22 detik
2025-06-28 15:29:45,673 - INFO - Preprocessing selesai dalam 4.79 detik
2025-06-28 15:29:46,340 - INFO - Preprocessing selesai dalam 13.20 detik
2025-06-28 15:29:51,541 - INFO - Preprocessing selesai dalam 62.62 detik
2025-06-28 15:29:52,488 - INFO - Preprocessing selesai dalam 7.99 detik
2025-06-28 15:29:53,028 - INFO - Preprocessing selesai dalam 27.22 detik
2025-06-28 15:29:53,756 - INFO - Preprocessing selesai dalam 7.40 detik
2025-06-28 15:29:56,663 - INFO - Preprocessing selesai dalam 22.57 detik
2025-06-28 15:29:56,885 - INFO - Preprocessing selesai dalam 4.38 detik
2025-06-28 15:29:58,224 - INFO - Preprocessing selesai dalam 1.32 detik
2025-06-28 15:29:59,886 - INFO - Preprocessing selesai dalam 3.18 detik
2025-06-28 15:30:01,579 - INFO - Preprocessing selesai dalam 10.02 detik
2025-06-28 15:30:03,758 - INFO - Preprocessing selesai dalam 3.86 detik
2025-06-28 15:30:05,621 - INFO - Preprocessing selesai dalam 12.58 detik
2025-06-28 15:30:05,888 - INFO - Preprocessing selesai dalam 12.12 detik
2025-06-28 15:30:10,678 - INFO - Preprocessing selesai dalam 24.98 detik
2025-06-28 15:30:15,415 - INFO - Preprocessing selesai dalam 4.72 detik
2025-06-28 15:30:20,746 - INFO - Preprocessing selesai dalam 15.12 detik
2025-06-28 15:30:21,707 - INFO - Preprocessing selesai dalam 41.13 detik
2025-06-28 15:30:22,262 - INFO - Preprocessing selesai dalam 6.83 detik
2025-06-28 15:30:24,598 - INFO - Preprocessing selesai dalam 18.66 detik
2025-06-28 15:30:25,800 - INFO - Preprocessing selesai dalam 24.22 detik
2025-06-28 15:30:26,377 - INFO - Preprocessing selesai dalam 22.62 detik
2025-06-28 15:30:27,893 - INFO - Preprocessing selesai dalam 60.05 detik
2025-06-28 15:30:31,615 - INFO - Preprocessing selesai dalam 9.34 detik
2025-06-28 15:30:36,406 - INFO - Preprocessing selesai dalam 38.13 detik
2025-06-28 15:30:43,775 - INFO - Preprocessing selesai dalam 12.15 detik
2025-06-28 15:30:54,105 - INFO - Preprocessing selesai dalam 28.29 detik
2025-06-28 15:30:57,144 - INFO - Preprocessing selesai dalam 32.54 detik
2025-06-28 15:31:00,844 - INFO - Preprocessing selesai dalam 17.06 detik
2025-06-28 15:31:04,758 - INFO - Preprocessing selesai dalam 36.85 detik
2025-06-28 15:31:17,478 - INFO - Preprocessing selesai dalam 12.72 detik
2025-06-28 15:31:19,363 - INFO - Preprocessing selesai dalam 52.96 detik
2025-06-28 15:31:23,772 - INFO - Preprocessing selesai dalam 29.63 detik
2025-06-28 15:31:24,082 - INFO - Preprocessing selesai dalam 23.23 detik
2025-06-28 15:31:26,659 - INFO - Preprocessing selesai dalam 7.29 detik
2025-06-28 15:31:30,652 - INFO - Preprocessing selesai dalam 13.17 detik
2025-06-28 15:31:37,381 - INFO - Preprocessing selesai dalam 10.72 detik
2025-06-28 15:31:39,782 - INFO - Preprocessing selesai dalam 15.99 detik
2025-06-28 15:31:41,609 - INFO - Preprocessing selesai dalam 80.85 detik
2025-06-28 15:31:45,578 - INFO - Preprocessing selesai dalam 14.92 detik
2025-06-28 15:31:48,213 - INFO - Preprocessing selesai dalam 8.43 detik
2025-06-28 15:31:56,655 - INFO - Preprocessing selesai dalam 11.07 detik
2025-06-28 15:31:58,054 - INFO - Preprocessing selesai dalam 20.67 detik
2025-06-28 15:32:01,350 - INFO - Preprocessing selesai dalam 13.12 detik
2025-06-28 15:32:06,505 - INFO - Preprocessing selesai dalam 8.44 detik
2025-06-28 15:32:06,735 - INFO - Preprocessing selesai dalam 42.64 detik
2025-06-28 15:32:11,232 - INFO - Preprocessing selesai dalam 109.51 detik
2025-06-28 15:32:12,599 - INFO - Preprocessing selesai dalam 75.38 detik
2025-06-28 15:32:14,132 - INFO - Preprocessing selesai dalam 17.42 detik
2025-06-28 15:32:14,507 - INFO - Preprocessing selesai dalam 8.00 detik
2025-06-28 15:32:14,539 - INFO - Preprocessing selesai dalam 32.92 detik
2025-06-28 15:32:16,390 - INFO - Preprocessing selesai dalam 9.62 detik
2025-06-28 15:32:19,220 - INFO - Preprocessing selesai dalam 2.83 detik
2025-06-28 15:32:21,665 - INFO - Preprocessing selesai dalam 7.12 detik
2025-06-28 15:32:23,803 - INFO - Preprocessing selesai dalam 9.63 detik
2025-06-28 15:32:25,161 - INFO - Preprocessing selesai dalam 3.49 detik
2025-06-28 15:32:27,080 - INFO - Preprocessing selesai dalam 1.92 detik
2025-06-28 15:32:28,197 - INFO - Preprocessing selesai dalam 15.58 detik
2025-06-28 15:32:29,950 - INFO - Preprocessing selesai dalam 28.58 detik
2025-06-28 15:32:33,188 - INFO - Preprocessing selesai dalam 6.11 detik
2025-06-28 15:32:37,122 - INFO - Preprocessing selesai dalam 8.91 detik
2025-06-28 15:32:40,607 - INFO - Preprocessing selesai dalam 7.42 detik
2025-06-28 15:32:43,432 - INFO - Preprocessing selesai dalam 19.62 detik
2025-06-28 15:32:49,359 - INFO - Preprocessing selesai dalam 132.94 detik
2025-06-28 15:32:49,842 - INFO - Preprocessing selesai dalam 35.33 detik
2025-06-28 15:32:54,794 - INFO - Preprocessing selesai dalam 43.54 detik
2025-06-28 15:32:55,133 - INFO - Preprocessing selesai dalam 5.77 detik
2025-06-28 15:32:56,662 - INFO - Preprocessing selesai dalam 26.71 detik
2025-06-28 15:32:58,316 - INFO - Preprocessing selesai dalam 21.17 detik
2025-06-28 15:32:59,350 - INFO - Preprocessing selesai dalam 4.21 detik
2025-06-28 15:33:00,247 - INFO - Preprocessing selesai dalam 3.58 detik
2025-06-28 15:33:00,617 - INFO - Preprocessing selesai dalam 17.18 detik
2025-06-28 15:33:04,960 - INFO - Preprocessing selesai dalam 15.11 detik
2025-06-28 15:33:05,477 - INFO - Preprocessing selesai dalam 4.86 detik
2025-06-28 15:33:07,895 - INFO - Preprocessing selesai dalam 2.93 detik
2025-06-28 15:33:18,731 - INFO - Preprocessing selesai dalam 10.84 detik
2025-06-28 15:33:20,850 - INFO - Preprocessing selesai dalam 20.60 detik
2025-06-28 15:33:22,292 - INFO - Preprocessing selesai dalam 27.49 detik
2025-06-28 15:33:27,465 - INFO - Preprocessing selesai dalam 21.99 detik
2025-06-28 15:33:31,848 - INFO - Preprocessing selesai dalam 9.56 detik
2025-06-28 15:33:32,392 - INFO - Preprocessing selesai dalam 4.93 detik
2025-06-28 15:33:41,378 - INFO - Preprocessing selesai dalam 42.03 detik
2025-06-28 15:33:43,166 - INFO - Preprocessing selesai dalam 1.79 detik
2025-06-28 15:33:43,215 - INFO - Cache disimpan di preprocessed_articles.json dalam 641.48 detik
2025-06-28 15:33:43,220 - INFO - Inisialisasi BM25Retriever...
2025-06-28 15:33:43,223 - INFO - EvalFnToTextLoss: No backward engine provided. Creating one using model_client and model_kwargs.
2025-06-28 15:33:43,709 - INFO - Struktur hasil BM25: <class 'list'>
2025-06-28 15:33:43,709 - INFO - Item pertama: RetrieverOutput(id=None, doc_indices=[136, 0, 192, 193, 103], doc_scores=[11.412337236827666, 10.978510526043053, 10.054124255659637, 9.486899129933322, 9.318219653075515], query='budaya nasional', documents=None)
2025-06-28 15:33:43,710 - INFO - Indeks teratas: [136, 0, 192, 193, 103]
2025-06-28 15:33:43,710 - INFO - Skor relevansi: [11.412337236827666, 10.978510526043053, 10.054124255659637, 9.486899129933322, 9.318219653075515]
2025-06-28 15:33:43,710 - INFO - Pencarian selesai dalam 641.97 detik, ditemukan 5 hasil
2025-06-28 15:34:35,093 - INFO - Memulai pencarian untuk query: kebudayaan nasional
2025-06-28 15:34:35,093 - INFO - Memuat dataset dari articles.json
2025-06-28 15:34:35,102 - INFO - Cache valid ditemukan di preprocessed_articles.json, memuat...
2025-06-28 15:34:35,103 - INFO - Cache dimuat dalam 0.01 detik
2025-06-28 15:34:35,103 - INFO - Inisialisasi BM25Retriever...
2025-06-28 15:34:35,103 - INFO - EvalFnToTextLoss: No backward engine provided. Creating one using model_client and model_kwargs.
2025-06-28 15:34:35,519 - INFO - Struktur hasil BM25: <class 'list'>
2025-06-28 15:34:35,519 - INFO - Item pertama: RetrieverOutput(id=None, doc_indices=[136, 0, 192, 193, 103], doc_scores=[11.412337236827666, 10.978510526043053, 10.054124255659637, 9.486899129933322, 9.318219653075515], query='budaya nasional', documents=None)
2025-06-28 15:34:35,520 - INFO - Indeks teratas: [136, 0, 192, 193, 103]
2025-06-28 15:34:35,520 - INFO - Skor relevansi: [11.412337236827666, 10.978510526043053, 10.054124255659637, 9.486899129933322, 9.318219653075515]
2025-06-28 15:34:35,520 - INFO - Pencarian selesai dalam 0.43 detik, ditemukan 5 hasil
2025-06-28 15:36:22,199 - INFO - Memulai pencarian untuk query: kebudayaan nasional
2025-06-28 15:36:22,200 - INFO - Memuat dataset dari articles.json
2025-06-28 15:36:22,210 - INFO - Cache valid ditemukan di preprocessed_articles.json, memuat...
2025-06-28 15:36:22,210 - INFO - Cache dimuat dalam 0.01 detik
2025-06-28 15:36:22,211 - INFO - Inisialisasi BM25Retriever...
2025-06-28 15:36:22,211 - INFO - EvalFnToTextLoss: No backward engine provided. Creating one using model_client and model_kwargs.
2025-06-28 15:36:22,642 - INFO - Struktur hasil BM25: <class 'list'>
2025-06-28 15:36:22,642 - INFO - Item pertama: RetrieverOutput(id=None, doc_indices=[136, 0, 192, 193, 103], doc_scores=[11.412337236827666, 10.978510526043053, 10.054124255659637, 9.486899129933322, 9.318219653075515], query='budaya nasional', documents=None)
2025-06-28 15:36:22,642 - INFO - Indeks teratas: [136, 0, 192, 193, 103]
2025-06-28 15:36:22,642 - INFO - Skor relevansi: [11.412337236827666, 10.978510526043053, 10.054124255659637, 9.486899129933322, 9.318219653075515]
2025-06-28 15:36:22,642 - INFO - Pencarian selesai dalam 0.44 detik, ditemukan 5 hasil
2025-06-28 16:22:03,475 - INFO - Memulai pencarian untuk query: kebudayaan nasional
2025-06-28 16:22:03,475 - INFO - Memuat dataset dari articles.json
2025-06-28 16:22:03,488 - INFO - Cache valid ditemukan di preprocessed_articles.json, memuat...
2025-06-28 16:22:03,488 - INFO - Cache dimuat dalam 0.01 detik
2025-06-28 16:22:03,488 - INFO - Inisialisasi BM25Retriever...
2025-06-28 16:22:03,489 - INFO - EvalFnToTextLoss: No backward engine provided. Creating one using model_client and model_kwargs.
2025-06-28 16:22:03,922 - INFO - Struktur hasil BM25: <class 'list'>
2025-06-28 16:22:03,922 - INFO - Item pertama: RetrieverOutput(id=None, doc_indices=[136, 0, 192, 193, 103], doc_scores=[11.412337236827666, 10.978510526043053, 10.054124255659637, 9.486899129933322, 9.318219653075515], query='budaya nasional', documents=None)
2025-06-28 16:22:03,922 - INFO - Indeks teratas: [136, 0, 192, 193, 103]
2025-06-28 16:22:03,923 - INFO - Skor relevansi: [11.412337236827666, 10.978510526043053, 10.054124255659637, 9.486899129933322, 9.318219653075515]
2025-06-28 16:22:03,923 - INFO - Pencarian selesai dalam 0.45 detik, ditemukan 5 hasil
2025-06-28 17:06:01,774 - INFO - Memulai pencarian untuk query: kebudayaan nasional
2025-06-28 17:06:01,774 - INFO - Memuat dataset dari articles.json
2025-06-28 17:06:01,795 - INFO - Cache valid ditemukan di preprocessed_articles.json, memuat...
2025-06-28 17:06:01,795 - INFO - Cache dimuat dalam 0.02 detik
2025-06-28 17:06:01,796 - INFO - Inisialisasi BM25Retriever...
2025-06-28 17:06:01,796 - INFO - EvalFnToTextLoss: No backward engine provided. Creating one using model_client and model_kwargs.
2025-06-28 17:06:02,364 - INFO - Struktur hasil BM25: <class 'list'>
2025-06-28 17:06:02,364 - INFO - Item pertama: RetrieverOutput(id=None, doc_indices=[136, 0, 192, 193, 103], doc_scores=[11.412337236827666, 10.978510526043053, 10.054124255659637, 9.486899129933322, 9.318219653075515], query='budaya nasional', documents=None)
2025-06-28 17:06:02,364 - INFO - Indeks teratas: [136, 0, 192, 193, 103]
2025-06-28 17:06:02,364 - INFO - Skor relevansi: [11.412337236827666, 10.978510526043053, 10.054124255659637, 9.486899129933322, 9.318219653075515]
2025-06-28 17:06:02,364 - INFO - Pencarian selesai dalam 0.59 detik, ditemukan 5 hasil
2025-06-28 17:08:25,950 - INFO - Memulai pencarian untuk query: kebudayaan nasional
2025-06-28 17:08:25,950 - INFO - Memuat dataset dari articles.json
2025-06-28 17:08:25,959 - INFO - Cache valid ditemukan di preprocessed_articles.json, memuat...
2025-06-28 17:08:25,960 - INFO - Cache dimuat dalam 0.01 detik
2025-06-28 17:08:25,960 - INFO - Inisialisasi BM25Retriever...
2025-06-28 17:08:25,960 - INFO - EvalFnToTextLoss: No backward engine provided. Creating one using model_client and model_kwargs.
2025-06-28 17:08:26,521 - INFO - Struktur hasil BM25: <class 'list'>
2025-06-28 17:08:26,521 - INFO - Item pertama: RetrieverOutput(id=None, doc_indices=[136, 0, 192, 193, 103], doc_scores=[11.412337236827666, 10.978510526043053, 10.054124255659637, 9.486899129933322, 9.318219653075515], query='budaya nasional', documents=None)
2025-06-28 17:08:26,521 - INFO - Indeks teratas: [136, 0, 192, 193, 103]
2025-06-28 17:08:26,522 - INFO - Skor relevansi: [11.412337236827666, 10.978510526043053, 10.054124255659637, 9.486899129933322, 9.318219653075515]
2025-06-28 17:08:26,522 - INFO - Pencarian selesai dalam 0.57 detik, ditemukan 5 hasil
2025-06-28 17:15:18,866 - INFO - Memulai pencarian untuk query: kebudayaan nasional
2025-06-28 17:15:18,867 - INFO - Memuat dataset dari articles.json
2025-06-28 17:15:18,879 - INFO - Cache valid ditemukan di preprocessed_articles.json, memuat...
2025-06-28 17:15:18,879 - INFO - Cache dimuat dalam 0.01 detik
2025-06-28 17:15:18,879 - INFO - Inisialisasi BM25Retriever...
2025-06-28 17:15:18,879 - INFO - EvalFnToTextLoss: No backward engine provided. Creating one using model_client and model_kwargs.
2025-06-28 17:15:19,384 - INFO - Struktur hasil BM25: <class 'list'>
2025-06-28 17:15:19,384 - INFO - Item pertama: RetrieverOutput(id=None, doc_indices=[136, 0, 192, 193, 103], doc_scores=[11.412337236827666, 10.978510526043053, 10.054124255659637, 9.486899129933322, 9.318219653075515], query='budaya nasional', documents=None)
2025-06-28 17:15:19,384 - INFO - Indeks teratas: [136, 0, 192, 193, 103]
2025-06-28 17:15:19,384 - INFO - Skor relevansi: [11.412337236827666, 10.978510526043053, 10.054124255659637, 9.486899129933322, 9.318219653075515]
2025-06-28 17:15:19,384 - INFO - Pencarian selesai dalam 0.52 detik, ditemukan 5 hasil
2025-06-28 17:15:45,957 - INFO - Memulai pencarian untuk query: kebudayaan nasional
2025-06-28 17:15:45,957 - INFO - Memuat dataset dari articles.json
2025-06-28 17:15:45,967 - INFO - Cache valid ditemukan di preprocessed_articles.json, memuat...
2025-06-28 17:15:45,967 - INFO - Cache dimuat dalam 0.01 detik
2025-06-28 17:15:45,967 - INFO - Inisialisasi BM25Retriever...
2025-06-28 17:15:45,967 - INFO - EvalFnToTextLoss: No backward engine provided. Creating one using model_client and model_kwargs.
2025-06-28 17:15:46,498 - INFO - Struktur hasil BM25: <class 'list'>
2025-06-28 17:15:46,498 - INFO - Item pertama: RetrieverOutput(id=None, doc_indices=[136, 0, 192, 193, 103], doc_scores=[11.412337236827666, 10.978510526043053, 10.054124255659637, 9.486899129933322, 9.318219653075515], query='budaya nasional', documents=None)
2025-06-28 17:15:46,498 - INFO - Indeks teratas: [136, 0, 192, 193, 103]
2025-06-28 17:15:46,498 - INFO - Skor relevansi: [11.412337236827666, 10.978510526043053, 10.054124255659637, 9.486899129933322, 9.318219653075515]
2025-06-28 17:15:46,498 - INFO - Pencarian selesai dalam 0.54 detik, ditemukan 5 hasil
2025-06-28 17:18:26,801 - INFO - Memulai pencarian untuk query: kebudayaan nasional
2025-06-28 17:18:26,801 - INFO - Memuat dataset dari articles.json
2025-06-28 17:18:26,813 - INFO - Cache valid ditemukan di preprocessed_articles.json, memuat...
2025-06-28 17:18:26,813 - INFO - Cache dimuat dalam 0.01 detik
2025-06-28 17:18:26,813 - INFO - Inisialisasi BM25Retriever...
2025-06-28 17:18:26,814 - INFO - EvalFnToTextLoss: No backward engine provided. Creating one using model_client and model_kwargs.
2025-06-28 17:18:27,287 - INFO - Struktur hasil BM25: <class 'list'>
2025-06-28 17:18:27,287 - INFO - Item pertama: RetrieverOutput(id=None, doc_indices=[136, 0, 192, 193, 103], doc_scores=[11.412337236827666, 10.978510526043053, 10.054124255659637, 9.486899129933322, 9.318219653075515], query='budaya nasional', documents=None)
2025-06-28 17:18:27,287 - INFO - Indeks teratas: [136, 0, 192, 193, 103]
2025-06-28 17:18:27,288 - INFO - Skor relevansi: [11.412337236827666, 10.978510526043053, 10.054124255659637, 9.486899129933322, 9.318219653075515]
2025-06-28 17:18:27,288 - INFO - Pencarian selesai dalam 0.49 detik, ditemukan 5 hasil
2025-06-28 17:18:41,370 - INFO - Memulai pencarian untuk query: kebudayaan nasional
2025-06-28 17:18:41,370 - INFO - Memuat dataset dari articles.json
2025-06-28 17:18:41,382 - INFO - Cache valid ditemukan di preprocessed_articles.json, memuat...
2025-06-28 17:18:41,383 - INFO - Cache dimuat dalam 0.01 detik
2025-06-28 17:18:41,384 - INFO - Inisialisasi BM25Retriever...
2025-06-28 17:18:41,384 - INFO - EvalFnToTextLoss: No backward engine provided. Creating one using model_client and model_kwargs.
2025-06-28 17:18:41,880 - INFO - Struktur hasil BM25: <class 'list'>
2025-06-28 17:18:41,880 - INFO - Item pertama: RetrieverOutput(id=None, doc_indices=[136, 0, 192, 193, 103], doc_scores=[11.412337236827666, 10.978510526043053, 10.054124255659637, 9.486899129933322, 9.318219653075515], query='budaya nasional', documents=None)
2025-06-28 17:18:41,880 - INFO - Indeks teratas: [136, 0, 192, 193, 103]
2025-06-28 17:18:41,880 - INFO - Skor relevansi: [11.412337236827666, 10.978510526043053, 10.054124255659637, 9.486899129933322, 9.318219653075515]
2025-06-28 17:18:41,880 - INFO - Pencarian selesai dalam 0.51 detik, ditemukan 5 hasil
2025-06-28 17:19:35,619 - INFO - Memulai pencarian untuk query: kebudayaan nasional
2025-06-28 17:19:35,619 - INFO - Memuat dataset dari articles.json
2025-06-28 17:19:35,638 - INFO - Cache valid ditemukan di preprocessed_articles.json, memuat...
2025-06-28 17:19:35,638 - INFO - Cache dimuat dalam 0.02 detik
2025-06-28 17:19:35,639 - INFO - Inisialisasi BM25Retriever...
2025-06-28 17:19:35,639 - INFO - EvalFnToTextLoss: No backward engine provided. Creating one using model_client and model_kwargs.
2025-06-28 17:19:36,166 - INFO - Struktur hasil BM25: <class 'list'>
2025-06-28 17:19:36,166 - INFO - Item pertama: RetrieverOutput(id=None, doc_indices=[136, 0, 192, 193, 103], doc_scores=[11.412337236827666, 10.978510526043053, 10.054124255659637, 9.486899129933322, 9.318219653075515], query='budaya nasional', documents=None)
2025-06-28 17:19:36,166 - INFO - Indeks teratas: [136, 0, 192, 193, 103]
2025-06-28 17:19:36,167 - INFO - Skor relevansi: [11.412337236827666, 10.978510526043053, 10.054124255659637, 9.486899129933322, 9.318219653075515]
2025-06-28 17:19:36,167 - INFO - Pencarian selesai dalam 0.55 detik, ditemukan 5 hasil
2025-06-29 11:32:07,956 - INFO - Memulai pencarian untuk query: kebudayaan nasional
2025-06-29 11:32:07,956 - INFO - Memuat dataset dari articles.json
2025-06-29 11:32:07,990 - INFO - Cache valid ditemukan di preprocessed_articles.json, memuat...
2025-06-29 11:32:07,991 - INFO - Cache dimuat dalam 0.04 detik
2025-06-29 11:32:07,991 - INFO - Inisialisasi BM25Retriever...
2025-06-29 11:32:07,991 - INFO - EvalFnToTextLoss: No backward engine provided. Creating one using model_client and model_kwargs.
2025-06-29 11:32:08,560 - INFO - Struktur hasil BM25: <class 'list'>
2025-06-29 11:32:08,560 - INFO - Item pertama: RetrieverOutput(id=None, doc_indices=[136, 0, 192, 193, 103], doc_scores=[11.412337236827666, 10.978510526043053, 10.054124255659637, 9.486899129933322, 9.318219653075515], query='budaya nasional', documents=None)
2025-06-29 11:32:08,560 - INFO - Indeks teratas: [136, 0, 192, 193, 103]
2025-06-29 11:32:08,561 - INFO - Skor relevansi: [11.412337236827666, 10.978510526043053, 10.054124255659637, 9.486899129933322, 9.318219653075515]
2025-06-29 11:32:08,561 - INFO - Pencarian selesai dalam 0.60 detik, ditemukan 5 hasil
2025-06-29 11:33:30,047 - INFO - Memulai pencarian untuk query: kebudayaan nasional
2025-06-29 11:33:30,047 - INFO - Memuat dataset dari articles.json
2025-06-29 11:33:30,060 - INFO - Cache valid ditemukan di preprocessed_articles.json, memuat...
2025-06-29 11:33:30,060 - INFO - Cache dimuat dalam 0.01 detik
2025-06-29 11:33:30,060 - INFO - Inisialisasi BM25Retriever...
2025-06-29 11:33:30,060 - INFO - EvalFnToTextLoss: No backward engine provided. Creating one using model_client and model_kwargs.
2025-06-29 11:33:30,528 - INFO - Struktur hasil BM25: <class 'list'>
2025-06-29 11:33:30,528 - INFO - Item pertama: RetrieverOutput(id=None, doc_indices=[136, 0, 192, 193, 103], doc_scores=[11.412337236827666, 10.978510526043053, 10.054124255659637, 9.486899129933322, 9.318219653075515], query='budaya nasional', documents=None)
2025-06-29 11:33:30,528 - INFO - Indeks teratas: [136, 0, 192, 193, 103]
2025-06-29 11:33:30,528 - INFO - Skor relevansi: [11.412337236827666, 10.978510526043053, 10.054124255659637, 9.486899129933322, 9.318219653075515]
2025-06-29 11:33:30,528 - INFO - Pencarian selesai dalam 0.48 detik, ditemukan 5 hasil
2025-06-29 11:33:31,255 - INFO - Memulai pencarian untuk query: kebudayaan nasional
2025-06-29 11:33:31,255 - INFO - Memuat dataset dari articles.json
2025-06-29 11:33:31,264 - INFO - Cache valid ditemukan di preprocessed_articles.json, memuat...
2025-06-29 11:33:31,264 - INFO - Cache dimuat dalam 0.01 detik
2025-06-29 11:33:31,265 - INFO - Inisialisasi BM25Retriever...
2025-06-29 11:33:31,265 - INFO - EvalFnToTextLoss: No backward engine provided. Creating one using model_client and model_kwargs.
2025-06-29 11:33:31,700 - INFO - Struktur hasil BM25: <class 'list'>
2025-06-29 11:33:31,700 - INFO - Item pertama: RetrieverOutput(id=None, doc_indices=[136, 0, 192, 193, 103], doc_scores=[11.412337236827666, 10.978510526043053, 10.054124255659637, 9.486899129933322, 9.318219653075515], query='budaya nasional', documents=None)
2025-06-29 11:33:31,701 - INFO - Indeks teratas: [136, 0, 192, 193, 103]
2025-06-29 11:33:31,701 - INFO - Skor relevansi: [11.412337236827666, 10.978510526043053, 10.054124255659637, 9.486899129933322, 9.318219653075515]
2025-06-29 11:33:31,701 - INFO - Pencarian selesai dalam 0.45 detik, ditemukan 5 hasil
2025-06-29 11:34:25,114 - INFO - Memulai pencarian untuk query: Kebudayaan Indonesia adalah seluruh kebudayaan negara, kebudayaan setempat, maupun kebudayaan asing yang telah ada di Indonesia sebelum Indonesia merdeka pada tahun 1945.
2025-06-29 11:34:25,114 - INFO - Memuat dataset dari articles.json
2025-06-29 11:34:25,128 - INFO - Cache valid ditemukan di preprocessed_articles.json, memuat...
2025-06-29 11:34:25,128 - INFO - Cache dimuat dalam 0.01 detik
2025-06-29 11:34:25,128 - INFO - Inisialisasi BM25Retriever...
2025-06-29 11:34:25,128 - INFO - EvalFnToTextLoss: No backward engine provided. Creating one using model_client and model_kwargs.
2025-06-29 11:34:25,846 - INFO - Struktur hasil BM25: <class 'list'>
2025-06-29 11:34:25,846 - INFO - Item pertama: RetrieverOutput(id=None, doc_indices=[0, 122, 103, 109, 127], doc_scores=[52.595917331035814, 44.20422570283116, 42.337216209110636, 40.86560577762885, 40.45492110497778], query='budaya indonesia seluruh budaya negara budaya tempat maupun budaya asing telah di indonesia indonesia merdeka tahun 1945', documents=None)
2025-06-29 11:34:25,846 - INFO - Indeks teratas: [0, 122, 103, 109, 127]
2025-06-29 11:34:25,846 - INFO - Skor relevansi: [52.595917331035814, 44.20422570283116, 42.337216209110636, 40.86560577762885, 40.45492110497778]
2025-06-29 11:34:25,847 - INFO - Pencarian selesai dalam 0.73 detik, ditemukan 5 hasil
2025-06-29 11:34:26,699 - INFO - Memulai pencarian untuk query: Kebudayaan Indonesia adalah seluruh kebudayaan negara, kebudayaan setempat, maupun kebudayaan asing yang telah ada di Indonesia sebelum Indonesia merdeka pada tahun 1945.
2025-06-29 11:34:26,700 - INFO - Memuat dataset dari articles.json
2025-06-29 11:34:26,710 - INFO - Cache valid ditemukan di preprocessed_articles.json, memuat...
2025-06-29 11:34:26,710 - INFO - Cache dimuat dalam 0.01 detik
2025-06-29 11:34:26,710 - INFO - Inisialisasi BM25Retriever...
2025-06-29 11:34:26,710 - INFO - EvalFnToTextLoss: No backward engine provided. Creating one using model_client and model_kwargs.
2025-06-29 11:34:27,269 - INFO - Struktur hasil BM25: <class 'list'>
2025-06-29 11:34:27,269 - INFO - Item pertama: RetrieverOutput(id=None, doc_indices=[0, 122, 103, 109, 127], doc_scores=[52.595917331035814, 44.20422570283116, 42.337216209110636, 40.86560577762885, 40.45492110497778], query='budaya indonesia seluruh budaya negara budaya tempat maupun budaya asing telah di indonesia indonesia merdeka tahun 1945', documents=None)
2025-06-29 11:34:27,269 - INFO - Indeks teratas: [0, 122, 103, 109, 127]
2025-06-29 11:34:27,269 - INFO - Skor relevansi: [52.595917331035814, 44.20422570283116, 42.337216209110636, 40.86560577762885, 40.45492110497778]
2025-06-29 11:34:27,269 - INFO - Pencarian selesai dalam 0.57 detik, ditemukan 5 hasil
2025-06-29 11:34:49,384 - INFO - Memulai pencarian untuk query: Kostum nasional Indonesia adalah kostum nasional yang mewakili Republik Indonesia. Kostum tersebut berasal dari budaya Indonesia dan tradisi tekstil tradisional Indonesia. Saat ini, sebagian besar kostum nasional Indonesia yang paling terkenal adalah Batik dan Kebaya, meskipun aslinya kostum tersebut utamanya masuk pada budaya Jawa dan Bali, yang sebagian besar berpengaruh pada budaya Jawa, Sunda dan Bali. Sejak Jawa menjadi pusat politik dan populasi Indonesia, kostum foklor dari pulau tersebut naik menjadi status nasional. Referensi Templat:Kostum foklor
2025-06-29 11:34:49,385 - INFO - Memuat dataset dari articles.json
2025-06-29 11:34:49,395 - INFO - Cache valid ditemukan di preprocessed_articles.json, memuat...
2025-06-29 11:34:49,395 - INFO - Cache dimuat dalam 0.01 detik
2025-06-29 11:34:49,395 - INFO - Inisialisasi BM25Retriever...
2025-06-29 11:34:49,395 - INFO - EvalFnToTextLoss: No backward engine provided. Creating one using model_client and model_kwargs.
2025-06-29 11:34:50,333 - INFO - Struktur hasil BM25: <class 'list'>
2025-06-29 11:34:50,335 - INFO - Item pertama: RetrieverOutput(id=None, doc_indices=[136, 0, 179, 4, 103], doc_scores=[285.29387988728087, 182.28142276177672, 180.9691654456194, 166.1002079872556, 157.15537730339145], query='kostum nasional indonesia kostum nasional wakil republik indonesia kostum sebut asal budaya indonesia tradisi tekstil tradisional indonesia ini besar kostum nasional indonesia paling kenal batik kebaya meski asli kostum sebut utama masuk budaya jawa bal bagi besar pengaruh budaya jawa sunda bal sejak jawa jadi pusat politik populasi indonesia kostum foklor pulau sebut naik jadi status nasional referensi templatkostum foklor', documents=None)
2025-06-29 11:34:50,335 - INFO - Indeks teratas: [136, 0, 179, 4, 103]
2025-06-29 11:34:50,335 - INFO - Skor relevansi: [285.29387988728087, 182.28142276177672, 180.9691654456194, 166.1002079872556, 157.15537730339145]
2025-06-29 11:34:50,335 - INFO - Pencarian selesai dalam 0.95 detik, ditemukan 5 hasil
2025-06-29 11:34:50,968 - INFO - Memulai pencarian untuk query: Kostum nasional Indonesia adalah kostum nasional yang mewakili Republik Indonesia. Kostum tersebut berasal dari budaya Indonesia dan tradisi tekstil tradisional Indonesia. Saat ini, sebagian besar kostum nasional Indonesia yang paling terkenal adalah Batik dan Kebaya, meskipun aslinya kostum tersebut utamanya masuk pada budaya Jawa dan Bali, yang sebagian besar berpengaruh pada budaya Jawa, Sunda dan Bali. Sejak Jawa menjadi pusat politik dan populasi Indonesia, kostum foklor dari pulau tersebut naik menjadi status nasional. Referensi Templat:Kostum foklor
2025-06-29 11:34:50,968 - INFO - Memuat dataset dari articles.json
2025-06-29 11:34:50,977 - INFO - Cache valid ditemukan di preprocessed_articles.json, memuat...
2025-06-29 11:34:50,977 - INFO - Cache dimuat dalam 0.01 detik
2025-06-29 11:34:50,977 - INFO - Inisialisasi BM25Retriever...
2025-06-29 11:34:50,978 - INFO - EvalFnToTextLoss: No backward engine provided. Creating one using model_client and model_kwargs.
2025-06-29 11:34:51,932 - INFO - Struktur hasil BM25: <class 'list'>
2025-06-29 11:34:51,932 - INFO - Item pertama: RetrieverOutput(id=None, doc_indices=[136, 0, 179, 4, 103], doc_scores=[285.29387988728087, 182.28142276177672, 180.9691654456194, 166.1002079872556, 157.15537730339145], query='kostum nasional indonesia kostum nasional wakil republik indonesia kostum sebut asal budaya indonesia tradisi tekstil tradisional indonesia ini besar kostum nasional indonesia paling kenal batik kebaya meski asli kostum sebut utama masuk budaya jawa bal bagi besar pengaruh budaya jawa sunda bal sejak jawa jadi pusat politik populasi indonesia kostum foklor pulau sebut naik jadi status nasional referensi templatkostum foklor', documents=None)
2025-06-29 11:34:51,932 - INFO - Indeks teratas: [136, 0, 179, 4, 103]
2025-06-29 11:34:51,932 - INFO - Skor relevansi: [285.29387988728087, 182.28142276177672, 180.9691654456194, 166.1002079872556, 157.15537730339145]
2025-06-29 11:34:51,932 - INFO - Pencarian selesai dalam 0.96 detik, ditemukan 5 hasil
