2025-06-29 12:19:54,103 - INFO - Memulai pencarian untuk query: Kostum nasional Indonesia adalah kostum nasional yang mewakili Republik Indonesia. Kostum tersebut berasal dari budaya Indonesia dan tradisi tekstil tradisional Indonesia. Saat ini, sebagian besar kostum nasional Indonesia yang paling terkenal adalah Batik dan Kebaya, meskipun aslinya kostum tersebut utamanya masuk pada budaya Jawa dan Bali, yang sebagian besar berpengaruh pada budaya Jawa, Sunda dan Bali. Sejak Jawa menjadi pusat politik dan populasi Indonesia, kostum foklor dari pulau tersebut naik menjadi status nasional. Referensi Templat:Kostum foklor
2025-06-29 12:19:54,104 - INFO - Memuat dataset dari data/UAS/articles.json
2025-06-29 12:19:54,117 - INFO - Cache valid ditemukan di data/UAS/preprocessed.json, memuat...
2025-06-29 12:19:54,117 - INFO - Cache dimuat dalam 0.01 detik
2025-06-29 12:19:54,117 - INFO - Inisialisasi BM25Retriever...
2025-06-29 12:19:54,118 - INFO - EvalFnToTextLoss: No backward engine provided. Creating one using model_client and model_kwargs.
2025-06-29 12:19:55,041 - INFO - Struktur hasil BM25: <class 'list'>
2025-06-29 12:19:55,041 - INFO - Item pertama: RetrieverOutput(id=None, doc_indices=[136, 0, 179, 4, 103], doc_scores=[285.29387988728087, 182.28142276177672, 180.9691654456194, 166.1002079872556, 157.15537730339145], query='kostum nasional indonesia kostum nasional wakil republik indonesia kostum sebut asal budaya indonesia tradisi tekstil tradisional indonesia ini besar kostum nasional indonesia paling kenal batik kebaya meski asli kostum sebut utama masuk budaya jawa bal bagi besar pengaruh budaya jawa sunda bal sejak jawa jadi pusat politik populasi indonesia kostum foklor pulau sebut naik jadi status nasional referensi templatkostum foklor', documents=None)
2025-06-29 12:19:55,041 - INFO - Indeks teratas: [136, 0, 179, 4, 103]
2025-06-29 12:19:55,041 - INFO - Skor relevansi: [285.29387988728087, 182.28142276177672, 180.9691654456194, 166.1002079872556, 157.15537730339145]
2025-06-29 12:19:55,041 - INFO - Pencarian selesai dalam 0.94 detik, ditemukan 5 hasil
2025-06-29 14:50:18,611 - INFO - Memulai pencarian untuk query: kebudayaan nasional
2025-06-29 14:50:18,611 - INFO - Memuat dataset dari data/UAS/articles.json
2025-06-29 14:50:18,651 - INFO - Cache valid ditemukan di data/UAS/preprocessed.json, memuat...
2025-06-29 14:50:18,651 - INFO - Cache dimuat dalam 0.04 detik
2025-06-29 14:50:18,651 - INFO - Inisialisasi BM25Retriever...
2025-06-29 14:50:18,651 - INFO - EvalFnToTextLoss: No backward engine provided. Creating one using model_client and model_kwargs.
2025-06-29 14:50:19,362 - INFO - Struktur hasil BM25: <class 'list'>
2025-06-29 14:50:19,362 - INFO - Item pertama: RetrieverOutput(id=None, doc_indices=[136, 0, 192, 193, 103], doc_scores=[11.412337236827666, 10.978510526043053, 10.054124255659637, 9.486899129933322, 9.318219653075515], query='budaya nasional', documents=None)
2025-06-29 14:50:19,362 - INFO - Indeks teratas: [136, 0, 192, 193, 103]
2025-06-29 14:50:19,363 - INFO - Skor relevansi: [11.412337236827666, 10.978510526043053, 10.054124255659637, 9.486899129933322, 9.318219653075515]
2025-06-29 14:50:19,363 - INFO - Pencarian selesai dalam 0.75 detik, ditemukan 5 hasil
